[INFO ] 2017-01-25 03:51:21 shapes is loaded
[DEBUG] 2017-01-25 03:51:22 layout Changed
[DEBUG] 2017-01-25 03:51:28 Music button is set
[DEBUG] 2017-01-25 03:51:57 Music button is set
[DEBUG] 2017-01-25 03:51:58 new shape is added to observers
[DEBUG] 2017-01-25 03:52:03 new shape is added to observers
[DEBUG] 2017-01-25 03:52:06 new shape is added to observers
[DEBUG] 2017-01-25 03:52:09 new shape is added to observers
[DEBUG] 2017-01-25 03:52:40 Music button is set
[DEBUG] 2017-01-25 03:52:48 new shape is added to observers
[DEBUG] 2017-01-25 03:52:51 new shape is added to observers
[DEBUG] 2017-01-25 03:52:53 new shape is added to observers
[DEBUG] 2017-01-25 03:52:57 new shape is added to observers
[DEBUG] 2017-01-25 03:52:57 new shape is added to observers
[DEBUG] 2017-01-25 03:53:05 new shape is added to observers
[DEBUG] 2017-01-25 03:53:07 new shape is added to observers
[DEBUG] 2017-01-25 03:53:09 new shape is added to observers
[DEBUG] 2017-01-25 03:53:12 new shape is added to observers
[DEBUG] 2017-01-25 03:53:14 new shape is added to observers
[DEBUG] 2017-01-25 03:53:17 new shape is added to observers
[DEBUG] 2017-01-25 03:53:19 new shape is added to observers
[INFO ] 2017-01-25 03:54:18 shapes is loaded
[DEBUG] 2017-01-25 03:54:19 layout Changed
[DEBUG] 2017-01-25 03:54:22 Music button is set
[DEBUG] 2017-01-25 03:54:29 new shape is added to observers
[DEBUG] 2017-01-25 03:54:33 layout Changed
[INFO ] 2017-01-25 03:59:37 shapes is loaded
[DEBUG] 2017-01-25 03:59:38 layout Changed
[DEBUG] 2017-01-25 03:59:43 Music button is set
[DEBUG] 2017-01-25 03:59:50 new shape is added to observers
[DEBUG] 2017-01-25 03:59:54 new shape is added to observers
[DEBUG] 2017-01-25 03:59:59 new shape is added to observers
[DEBUG] 2017-01-25 03:59:59 new shape is added to observers
[DEBUG] 2017-01-25 04:00:00 new shape is added to observers
[DEBUG] 2017-01-25 04:00:01 new shape is added to observers
[DEBUG] 2017-01-25 04:00:03 new shape is added to observers
[DEBUG] 2017-01-25 04:00:08 new shape is added to observers
[DEBUG] 2017-01-25 04:00:11 new shape is added to observers
[DEBUG] 2017-01-25 04:00:14 new shape is added to observers
[DEBUG] 2017-01-25 04:00:15 new shape is added to observers
[DEBUG] 2017-01-25 04:00:15 new shape is added to observers
[INFO ] 2017-01-25 04:01:08 shapes is loaded
[DEBUG] 2017-01-25 04:01:09 layout Changed
[DEBUG] 2017-01-25 04:01:13 Music button is set
[DEBUG] 2017-01-25 04:01:20 new shape is added to observers
[DEBUG] 2017-01-25 04:01:20 new shape is added to observers
[DEBUG] 2017-01-25 04:01:21 new shape is added to observers
[DEBUG] 2017-01-25 04:01:21 new shape is added to observers
[DEBUG] 2017-01-25 04:01:22 new shape is added to observers
[DEBUG] 2017-01-25 04:01:22 new shape is added to observers
[DEBUG] 2017-01-25 04:01:24 new shape is added to observers
[DEBUG] 2017-01-25 04:01:24 new shape is added to observers
[DEBUG] 2017-01-25 04:01:25 new shape is added to observers
[DEBUG] 2017-01-25 04:01:25 new shape is added to observers
[DEBUG] 2017-01-25 04:01:28 new shape is added to observers
[DEBUG] 2017-01-25 04:01:28 new shape is added to observers
[INFO ] 2017-01-25 04:03:24 shapes is loaded
[DEBUG] 2017-01-25 04:03:25 layout Changed
[DEBUG] 2017-01-25 04:03:29 Music button is set
[DEBUG] 2017-01-25 04:03:37 new shape is added to observers
[DEBUG] 2017-01-25 04:03:37 new shape is added to observers
[DEBUG] 2017-01-25 04:03:50 new shape is added to observers
[DEBUG] 2017-01-25 04:03:50 new shape is added to observers
[DEBUG] 2017-01-25 04:03:54 new shape is added to observers
[DEBUG] 2017-01-25 04:03:54 new shape is added to observers
[INFO ] 2017-01-25 04:05:18 shapes is loaded
[DEBUG] 2017-01-25 04:05:19 layout Changed
[DEBUG] 2017-01-25 04:05:23 Music button is set
[DEBUG] 2017-01-25 04:05:31 new shape is added to observers
[DEBUG] 2017-01-25 04:05:33 new shape is added to observers
[DEBUG] 2017-01-25 04:05:34 new shape is added to observers
[DEBUG] 2017-01-25 04:05:34 new shape is added to observers
[DEBUG] 2017-01-25 04:05:41 new shape is added to observers
[DEBUG] 2017-01-25 04:05:59 new shape is added to observers
[DEBUG] 2017-01-25 04:06:02 new shape is added to observers
[DEBUG] 2017-01-25 04:06:03 new shape is added to observers
[DEBUG] 2017-01-25 04:06:03 new shape is added to observers
[DEBUG] 2017-01-25 04:06:04 new shape is added to observers
[DEBUG] 2017-01-25 04:06:04 new shape is added to observers
[DEBUG] 2017-01-25 04:06:06 new shape is added to observers
[DEBUG] 2017-01-25 04:06:09 new shape is added to observers
[DEBUG] 2017-01-25 04:06:09 new shape is added to observers
[DEBUG] 2017-01-25 04:06:10 new shape is added to observers
[DEBUG] 2017-01-25 04:06:11 new shape is added to observers
[DEBUG] 2017-01-25 04:06:11 new shape is added to observers
[DEBUG] 2017-01-25 04:06:15 new shape is added to observers
[DEBUG] 2017-01-25 04:06:19 Music button is set
[DEBUG] 2017-01-25 04:06:23 Music button is set
[DEBUG] 2017-01-25 04:06:25 new shape is added to observers
[DEBUG] 2017-01-25 04:06:26 new shape is added to observers
[DEBUG] 2017-01-25 04:06:29 new shape is added to observers
[DEBUG] 2017-01-25 04:06:30 new shape is added to observers
[INFO ] 2017-01-25 04:07:14 shapes is loaded
[DEBUG] 2017-01-25 04:07:15 layout Changed
[DEBUG] 2017-01-25 04:07:19 Music button is set
[DEBUG] 2017-01-25 04:07:26 new shape is added to observers
[DEBUG] 2017-01-25 04:07:28 new shape is added to observers
[DEBUG] 2017-01-25 04:07:28 new shape is added to observers
[DEBUG] 2017-01-25 04:07:29 new shape is added to observers
[DEBUG] 2017-01-25 04:07:29 new shape is added to observers
[DEBUG] 2017-01-25 04:07:31 new shape is added to observers
[DEBUG] 2017-01-25 04:07:32 new shape is added to observers
[DEBUG] 2017-01-25 04:07:32 new shape is added to observers
[DEBUG] 2017-01-25 04:07:34 new shape is added to observers
[DEBUG] 2017-01-25 04:07:36 new shape is added to observers
[DEBUG] 2017-01-25 04:07:37 new shape is added to observers
[DEBUG] 2017-01-25 04:07:42 new shape is added to observers
[DEBUG] 2017-01-25 04:07:43 new shape is added to observers
[DEBUG] 2017-01-25 04:07:49 new shape is added to observers
[DEBUG] 2017-01-25 04:07:49 new shape is added to observers
[DEBUG] 2017-01-25 04:07:50 new shape is added to observers
[DEBUG] 2017-01-25 04:07:51 new shape is added to observers
[DEBUG] 2017-01-25 04:07:54 new shape is added to observers
[DEBUG] 2017-01-25 04:07:56 new shape is added to observers
[DEBUG] 2017-01-25 04:08:03 new shape is added to observers
[DEBUG] 2017-01-25 04:08:04 new shape is added to observers
[DEBUG] 2017-01-25 04:08:07 new shape is added to observers
[DEBUG] 2017-01-25 04:08:09 new shape is added to observers
[DEBUG] 2017-01-25 04:08:10 new shape is added to observers
[DEBUG] 2017-01-25 04:08:16 layout Changed
[INFO ] 2017-01-25 04:13:50 shapes is loaded
[DEBUG] 2017-01-25 04:13:51 layout Changed
[DEBUG] 2017-01-25 04:13:55 Music button is set
[DEBUG] 2017-01-25 04:14:02 new shape is added to observers
[DEBUG] 2017-01-25 04:14:03 new shape is added to observers
[DEBUG] 2017-01-25 04:14:04 new shape is added to observers
[DEBUG] 2017-01-25 04:14:08 new shape is added to observers
[DEBUG] 2017-01-25 04:14:10 new shape is added to observers
[DEBUG] 2017-01-25 04:14:15 new shape is added to observers
[DEBUG] 2017-01-25 04:14:16 new shape is added to observers
[DEBUG] 2017-01-25 04:14:16 new shape is added to observers
[DEBUG] 2017-01-25 04:14:19 new shape is added to observers
[DEBUG] 2017-01-25 04:14:20 new shape is added to observers
[DEBUG] 2017-01-25 04:14:21 new shape is added to observers
[DEBUG] 2017-01-25 04:14:23 new shape is added to observers
[DEBUG] 2017-01-25 04:14:25 new shape is added to observers
[DEBUG] 2017-01-25 04:14:26 new shape is added to observers
[DEBUG] 2017-01-25 04:14:27 new shape is added to observers
[DEBUG] 2017-01-25 04:14:28 new shape is added to observers
[DEBUG] 2017-01-25 04:14:31 new shape is added to observers
[INFO ] 2017-01-25 04:16:06 shapes is loaded
[DEBUG] 2017-01-25 04:16:07 layout Changed
[DEBUG] 2017-01-25 04:16:11 Music button is set
[DEBUG] 2017-01-25 04:16:21 new shape is added to observers
[DEBUG] 2017-01-25 04:16:22 new shape is added to observers
[DEBUG] 2017-01-25 04:16:23 new shape is added to observers
[DEBUG] 2017-01-25 04:16:27 new shape is added to observers
[DEBUG] 2017-01-25 04:16:29 new shape is added to observers
[DEBUG] 2017-01-25 04:16:31 new shape is added to observers
[DEBUG] 2017-01-25 04:16:34 new shape is added to observers
[DEBUG] 2017-01-25 04:16:36 new shape is added to observers
[DEBUG] 2017-01-25 04:16:39 new shape is added to observers
[DEBUG] 2017-01-25 04:16:40 new shape is added to observers
[INFO ] 2017-01-25 04:36:09 shapes is loaded
[DEBUG] 2017-01-25 04:36:10 layout Changed
[DEBUG] 2017-01-25 04:36:15 Music button is set
[DEBUG] 2017-01-25 04:36:22 new shape is added to observers
[DEBUG] 2017-01-25 04:36:23 new shape is added to observers
[DEBUG] 2017-01-25 04:36:29 layout Changed
[DEBUG] 2017-01-25 04:36:30 Music button is set
[DEBUG] 2017-01-25 04:36:31 new shape is added to observers
[DEBUG] 2017-01-25 04:36:31 new shape is added to observers
[INFO ] 2017-01-25 04:37:48 shapes is loaded
[DEBUG] 2017-01-25 04:37:49 layout Changed
[DEBUG] 2017-01-25 04:37:51 Music button is set
[INFO ] 2017-01-25 04:39:47 shapes is loaded
[DEBUG] 2017-01-25 04:39:48 layout Changed
[DEBUG] 2017-01-25 04:39:52 Music button is set
[DEBUG] 2017-01-25 04:39:59 new shape is added to observers
[DEBUG] 2017-01-25 04:40:00 new shape is added to observers
[DEBUG] 2017-01-25 04:40:17 layout Changed
[INFO ] 2017-01-25 05:12:04 shapes is loaded
[DEBUG] 2017-01-25 05:12:05 layout Changed
[DEBUG] 2017-01-25 05:12:08 Music button is set
[DEBUG] 2017-01-25 05:12:20 new shape is added to observers
[DEBUG] 2017-01-25 05:12:20 new shape is added to observers
[DEBUG] 2017-01-25 05:12:25 new shape is added to observers
[DEBUG] 2017-01-25 05:12:25 new shape is added to observers
[DEBUG] 2017-01-25 05:12:28 new shape is added to observers
[DEBUG] 2017-01-25 05:12:28 new shape is added to observers
[DEBUG] 2017-01-25 05:12:33 new shape is added to observers
[INFO ] 2017-01-25 05:13:38 shapes is loaded
[DEBUG] 2017-01-25 05:13:38 layout Changed
[DEBUG] 2017-01-25 05:13:44 Music button is set
[INFO ] 2017-01-25 05:16:01 shapes is loaded
[DEBUG] 2017-01-25 05:16:02 layout Changed
[DEBUG] 2017-01-25 05:16:06 Music button is set
[DEBUG] 2017-01-25 05:16:15 new shape is added to observers
[DEBUG] 2017-01-25 05:16:18 new shape is added to observers
[DEBUG] 2017-01-25 05:16:23 new shape is added to observers
[DEBUG] 2017-01-25 05:16:27 new shape is added to observers
[DEBUG] 2017-01-25 05:16:31 new shape is added to observers
[DEBUG] 2017-01-25 05:16:34 new shape is added to observers
[DEBUG] 2017-01-25 05:16:37 new shape is added to observers
[INFO ] 2017-01-25 05:19:23 shapes is loaded
[DEBUG] 2017-01-25 05:19:23 layout Changed
[DEBUG] 2017-01-25 05:19:27 Music button is set
[DEBUG] 2017-01-25 05:19:35 new shape is added to observers
[DEBUG] 2017-01-25 05:19:37 new shape is added to observers
[DEBUG] 2017-01-25 05:19:41 new shape is added to observers
[DEBUG] 2017-01-25 05:19:42 new shape is added to observers
[DEBUG] 2017-01-25 05:19:42 new shape is added to observers
[DEBUG] 2017-01-25 05:19:43 new shape is added to observers
[DEBUG] 2017-01-25 05:19:43 new shape is added to observers
[DEBUG] 2017-01-25 05:19:45 new shape is added to observers
[DEBUG] 2017-01-25 05:19:46 new shape is added to observers
[DEBUG] 2017-01-25 05:19:46 new shape is added to observers
[DEBUG] 2017-01-25 05:19:48 new shape is added to observers
[DEBUG] 2017-01-25 05:19:48 new shape is added to observers
[DEBUG] 2017-01-25 05:19:49 new shape is added to observers
[DEBUG] 2017-01-25 05:19:53 new shape is added to observers
[INFO ] 2017-01-25 05:23:29 shapes is loaded
[DEBUG] 2017-01-25 05:23:30 layout Changed
[DEBUG] 2017-01-25 05:23:32 Music button is set
[DEBUG] 2017-01-25 05:23:40 new shape is added to observers
[DEBUG] 2017-01-25 05:23:41 new shape is added to observers
[DEBUG] 2017-01-25 05:23:51 new shape is added to observers
[INFO ] 2017-01-25 05:24:04 shapes is loaded
[DEBUG] 2017-01-25 05:24:05 layout Changed
[DEBUG] 2017-01-25 05:24:09 Music button is set
[INFO ] 2017-01-25 05:25:27 shapes is loaded
[DEBUG] 2017-01-25 05:25:28 layout Changed
[DEBUG] 2017-01-25 05:25:32 Music button is set
[DEBUG] 2017-01-25 05:25:43 new shape is added to observers
[DEBUG] 2017-01-25 05:25:44 new shape is added to observers
[DEBUG] 2017-01-25 05:25:48 new shape is added to observers
[DEBUG] 2017-01-25 05:25:49 new shape is added to observers
[DEBUG] 2017-01-25 05:25:57 new shape is added to observers
[DEBUG] 2017-01-25 05:25:59 new shape is added to observers
[DEBUG] 2017-01-25 05:26:04 layout Changed
[INFO ] 2017-01-25 05:28:15 shapes is loaded
[DEBUG] 2017-01-25 05:28:16 layout Changed
[DEBUG] 2017-01-25 05:28:22 Music button is set
[DEBUG] 2017-01-25 05:28:30 new shape is added to observers
[INFO ] 2017-01-25 05:29:29 shapes is loaded
[DEBUG] 2017-01-25 05:29:29 layout Changed
[DEBUG] 2017-01-25 05:29:33 Music button is set
[DEBUG] 2017-01-25 05:29:44 new shape is added to observers
[DEBUG] 2017-01-25 05:29:44 new shape is added to observers
[DEBUG] 2017-01-25 05:29:46 new shape is added to observers
[DEBUG] 2017-01-25 05:29:46 new shape is added to observers
[DEBUG] 2017-01-25 05:29:47 new shape is added to observers
[DEBUG] 2017-01-25 05:29:48 new shape is added to observers
[DEBUG] 2017-01-25 05:29:51 new shape is added to observers
[DEBUG] 2017-01-25 05:29:52 new shape is added to observers
[DEBUG] 2017-01-25 05:29:53 new shape is added to observers
[INFO ] 2017-01-25 05:30:27 shapes is loaded
[DEBUG] 2017-01-25 05:30:28 layout Changed
[DEBUG] 2017-01-25 05:30:32 Music button is set
[INFO ] 2017-01-25 05:30:59 shapes is loaded
[DEBUG] 2017-01-25 05:31:00 layout Changed
[DEBUG] 2017-01-25 05:31:03 Music button is set
[INFO ] 2017-01-25 05:31:28 shapes is loaded
[DEBUG] 2017-01-25 05:31:28 layout Changed
[DEBUG] 2017-01-25 05:31:34 Music button is set
[DEBUG] 2017-01-25 05:31:45 new shape is added to observers
[INFO ] 2017-01-25 05:32:05 shapes is loaded
[DEBUG] 2017-01-25 05:32:05 layout Changed
[DEBUG] 2017-01-25 05:32:10 Music button is set
[DEBUG] 2017-01-25 05:32:20 new shape is added to observers
[DEBUG] 2017-01-25 05:32:24 new shape is added to observers
[DEBUG] 2017-01-25 05:32:31 layout Changed
[INFO ] 2017-01-25 05:34:02 shapes is loaded
[DEBUG] 2017-01-25 05:34:02 layout Changed
[DEBUG] 2017-01-25 05:34:06 Music button is set
[DEBUG] 2017-01-25 05:34:13 new shape is added to observers
[DEBUG] 2017-01-25 05:34:13 new shape is added to observers
[DEBUG] 2017-01-25 05:34:16 new shape is added to observers
[DEBUG] 2017-01-25 05:34:21 new shape is added to observers
[DEBUG] 2017-01-25 05:34:25 new shape is added to observers
[DEBUG] 2017-01-25 05:34:26 new shape is added to observers
[DEBUG] 2017-01-25 05:34:28 new shape is added to observers
[DEBUG] 2017-01-25 05:34:31 new shape is added to observers
[DEBUG] 2017-01-25 05:34:32 new shape is added to observers
[DEBUG] 2017-01-25 05:34:32 new shape is added to observers
[DEBUG] 2017-01-25 05:34:36 new shape is added to observers
[DEBUG] 2017-01-25 05:34:37 new shape is added to observers
[DEBUG] 2017-01-25 05:34:39 new shape is added to observers
[DEBUG] 2017-01-25 05:34:41 new shape is added to observers
[DEBUG] 2017-01-25 05:34:42 new shape is added to observers
[DEBUG] 2017-01-25 05:34:47 new shape is added to observers
[DEBUG] 2017-01-25 05:34:49 new shape is added to observers
[DEBUG] 2017-01-25 05:34:49 new shape is added to observers
[INFO ] 2017-01-25 05:41:53 shapes is loaded
[DEBUG] 2017-01-25 05:41:53 layout Changed
[DEBUG] 2017-01-25 05:41:58 Music button is set
[DEBUG] 2017-01-25 05:42:18 new shape is added to observers
[DEBUG] 2017-01-25 05:42:19 new shape is added to observers
[DEBUG] 2017-01-25 05:42:20 new shape is added to observers
[DEBUG] 2017-01-25 05:42:23 new shape is added to observers
[DEBUG] 2017-01-25 05:42:30 new shape is added to observers
[INFO ] 2017-01-25 05:43:00 shapes is loaded
[DEBUG] 2017-01-25 05:43:01 layout Changed
[DEBUG] 2017-01-25 05:43:04 Music button is set
[DEBUG] 2017-01-25 05:43:11 new shape is added to observers
[DEBUG] 2017-01-25 05:43:11 new shape is added to observers
[DEBUG] 2017-01-25 05:43:15 new shape is added to observers
[DEBUG] 2017-01-25 05:43:16 new shape is added to observers
[DEBUG] 2017-01-25 05:43:17 new shape is added to observers
[DEBUG] 2017-01-25 05:43:18 new shape is added to observers
[DEBUG] 2017-01-25 05:43:18 new shape is added to observers
[DEBUG] 2017-01-25 05:43:20 new shape is added to observers
[DEBUG] 2017-01-25 05:43:21 new shape is added to observers
[DEBUG] 2017-01-25 05:43:22 new shape is added to observers
[DEBUG] 2017-01-25 05:43:22 new shape is added to observers
[DEBUG] 2017-01-25 05:43:23 new shape is added to observers
[DEBUG] 2017-01-25 05:43:27 new shape is added to observers
[DEBUG] 2017-01-25 05:43:28 new shape is added to observers
[DEBUG] 2017-01-25 05:43:31 new shape is added to observers
[DEBUG] 2017-01-25 05:43:40 layout Changed
[INFO ] 2017-01-25 05:45:26 shapes is loaded
[DEBUG] 2017-01-25 05:45:27 layout Changed
[DEBUG] 2017-01-25 05:45:31 Music button is set
[INFO ] 2017-01-25 05:46:16 shapes is loaded
[DEBUG] 2017-01-25 05:46:17 layout Changed
[DEBUG] 2017-01-25 05:46:21 Music button is set
[DEBUG] 2017-01-25 05:46:28 new shape is added to observers
[DEBUG] 2017-01-25 05:46:28 new shape is added to observers
[DEBUG] 2017-01-25 05:46:29 new shape is added to observers
[DEBUG] 2017-01-25 05:46:31 new shape is added to observers
[DEBUG] 2017-01-25 05:46:35 new shape is added to observers
[DEBUG] 2017-01-25 05:46:37 new shape is added to observers
[DEBUG] 2017-01-25 05:46:38 new shape is added to observers
[DEBUG] 2017-01-25 05:46:44 new shape is added to observers
[INFO ] 2017-01-25 05:48:01 shapes is loaded
[DEBUG] 2017-01-25 05:48:01 layout Changed
[DEBUG] 2017-01-25 05:48:04 Music button is set
[INFO ] 2017-01-25 05:49:21 shapes is loaded
[DEBUG] 2017-01-25 05:49:22 layout Changed
[DEBUG] 2017-01-25 05:49:26 Music button is set
[DEBUG] 2017-01-25 05:49:37 new shape is added to observers
[DEBUG] 2017-01-25 05:49:42 new shape is added to observers
[DEBUG] 2017-01-25 05:49:43 new shape is added to observers
[DEBUG] 2017-01-25 05:49:45 new shape is added to observers
[DEBUG] 2017-01-25 05:49:46 new shape is added to observers
[INFO ] 2017-01-25 05:50:36 shapes is loaded
[DEBUG] 2017-01-25 05:50:36 layout Changed
[DEBUG] 2017-01-25 05:50:40 Music button is set
[DEBUG] 2017-01-25 05:50:47 new shape is added to observers
[DEBUG] 2017-01-25 05:50:48 new shape is added to observers
[DEBUG] 2017-01-25 05:50:49 new shape is added to observers
[DEBUG] 2017-01-25 05:50:49 new shape is added to observers
[INFO ] 2017-01-25 05:51:50 shapes is loaded
[DEBUG] 2017-01-25 05:51:51 layout Changed
[DEBUG] 2017-01-25 05:51:55 Music button is set
[INFO ] 2017-01-25 05:52:53 shapes is loaded
[DEBUG] 2017-01-25 05:52:54 layout Changed
[DEBUG] 2017-01-25 05:52:58 Music button is set
[INFO ] 2017-01-25 05:58:12 shapes is loaded
[DEBUG] 2017-01-25 05:58:13 layout Changed
[DEBUG] 2017-01-25 05:58:17 Music button is set
[DEBUG] 2017-01-25 05:58:26 new shape is added to observers
[DEBUG] 2017-01-25 05:58:26 new shape is added to observers
[DEBUG] 2017-01-25 05:58:27 new shape is added to observers
[DEBUG] 2017-01-25 05:58:30 new shape is added to observers
[DEBUG] 2017-01-25 05:58:30 new shape is added to observers
[DEBUG] 2017-01-25 05:58:32 new shape is added to observers
[DEBUG] 2017-01-25 05:58:36 new shape is added to observers
[DEBUG] 2017-01-25 05:58:37 new shape is added to observers
[DEBUG] 2017-01-25 05:58:44 new shape is added to observers
[DEBUG] 2017-01-25 05:58:47 new shape is added to observers
[DEBUG] 2017-01-25 05:58:51 new shape is added to observers
[DEBUG] 2017-01-25 05:58:54 layout Changed
[INFO ] 2017-01-25 05:59:24 shapes is loaded
[DEBUG] 2017-01-25 05:59:24 layout Changed
[DEBUG] 2017-01-25 05:59:28 Music button is set
[DEBUG] 2017-01-25 05:59:36 new shape is added to observers
[DEBUG] 2017-01-25 05:59:36 new shape is added to observers
[DEBUG] 2017-01-25 05:59:39 new shape is added to observers
[DEBUG] 2017-01-25 05:59:40 new shape is added to observers
[DEBUG] 2017-01-25 05:59:40 new shape is added to observers
[DEBUG] 2017-01-25 05:59:43 new shape is added to observers
[DEBUG] 2017-01-25 05:59:46 new shape is added to observers
[INFO ] 2017-01-25 06:00:09 shapes is loaded
[DEBUG] 2017-01-25 06:00:10 layout Changed
[DEBUG] 2017-01-25 06:00:13 Music button is set
[INFO ] 2017-01-25 06:01:31 shapes is loaded
[DEBUG] 2017-01-25 06:01:31 layout Changed
[DEBUG] 2017-01-25 06:01:35 Music button is set
[DEBUG] 2017-01-25 06:01:42 new shape is added to observers
[DEBUG] 2017-01-25 06:01:43 new shape is added to observers
[DEBUG] 2017-01-25 06:01:44 new shape is added to observers
[DEBUG] 2017-01-25 06:01:45 new shape is added to observers
[DEBUG] 2017-01-25 06:01:45 new shape is added to observers
[DEBUG] 2017-01-25 06:01:46 new shape is added to observers
[DEBUG] 2017-01-25 06:01:47 new shape is added to observers
[DEBUG] 2017-01-25 06:01:50 new shape is added to observers
[DEBUG] 2017-01-25 06:01:51 new shape is added to observers
[DEBUG] 2017-01-25 06:01:55 new shape is added to observers
[DEBUG] 2017-01-25 06:01:56 new shape is added to observers
[DEBUG] 2017-01-25 06:01:57 new shape is added to observers
[DEBUG] 2017-01-25 06:01:58 new shape is added to observers
[DEBUG] 2017-01-25 06:01:59 new shape is added to observers
[INFO ] 2017-01-25 06:02:59 shapes is loaded
[DEBUG] 2017-01-25 06:02:59 layout Changed
[DEBUG] 2017-01-25 06:03:04 Music button is set
[DEBUG] 2017-01-25 06:03:19 layout Changed
[INFO ] 2017-01-25 06:04:34 shapes is loaded
[DEBUG] 2017-01-25 06:04:35 layout Changed
[DEBUG] 2017-01-25 06:04:39 Music button is set
[DEBUG] 2017-01-25 06:04:55 new shape is added to observers
[DEBUG] 2017-01-25 06:04:56 new shape is added to observers
[INFO ] 2017-01-25 06:05:21 shapes is loaded
[DEBUG] 2017-01-25 06:05:21 layout Changed
[DEBUG] 2017-01-25 06:05:25 Music button is set
[DEBUG] 2017-01-25 06:05:32 new shape is added to observers
[DEBUG] 2017-01-25 06:05:32 new shape is added to observers
[DEBUG] 2017-01-25 06:05:36 new shape is added to observers
[DEBUG] 2017-01-25 06:05:41 new shape is added to observers
[DEBUG] 2017-01-25 06:05:43 new shape is added to observers
[DEBUG] 2017-01-25 06:05:43 new shape is added to observers
[DEBUG] 2017-01-25 06:05:45 new shape is added to observers
[INFO ] 2017-01-25 06:07:26 shapes is loaded
[DEBUG] 2017-01-25 06:07:27 layout Changed
[DEBUG] 2017-01-25 06:07:31 Music button is set
[DEBUG] 2017-01-25 06:07:40 new shape is added to observers
[DEBUG] 2017-01-25 06:07:41 new shape is added to observers
[DEBUG] 2017-01-25 06:07:48 new shape is added to observers
[DEBUG] 2017-01-25 06:07:53 new shape is added to observers
[DEBUG] 2017-01-25 06:07:54 new shape is added to observers
[DEBUG] 2017-01-25 06:07:55 new shape is added to observers
[DEBUG] 2017-01-25 06:07:56 new shape is added to observers
[DEBUG] 2017-01-25 06:07:58 new shape is added to observers
[DEBUG] 2017-01-25 06:08:09 new shape is added to observers
[DEBUG] 2017-01-25 06:08:11 new shape is added to observers
[DEBUG] 2017-01-25 06:08:13 new shape is added to observers
[DEBUG] 2017-01-25 06:08:19 layout Changed
[INFO ] 2017-01-25 13:37:34 shapes is loaded
[DEBUG] 2017-01-25 13:37:36 layout Changed
[DEBUG] 2017-01-25 13:37:40 Music button is set
[DEBUG] 2017-01-25 13:37:47 new shape is added to observers
[DEBUG] 2017-01-25 13:37:49 new shape is added to observers
[DEBUG] 2017-01-25 13:37:50 new shape is added to observers
[DEBUG] 2017-01-25 13:37:55 new shape is added to observers
[DEBUG] 2017-01-25 13:38:00 new shape is added to observers
[INFO ] 2017-01-25 13:38:55 shapes is loaded
[DEBUG] 2017-01-25 13:38:55 layout Changed
[INFO ] 2017-01-25 13:54:06 shapes is loaded
[DEBUG] 2017-01-25 13:54:07 layout Changed
[INFO ] 2017-01-25 13:57:37 shapes is loaded
[DEBUG] 2017-01-25 13:57:37 layout Changed
[INFO ] 2017-01-25 13:58:03 shapes is loaded
[DEBUG] 2017-01-25 13:58:03 layout Changed
[INFO ] 2017-01-25 14:00:14 shapes is loaded
[DEBUG] 2017-01-25 14:00:15 layout Changed
[INFO ] 2017-01-25 14:00:36 shapes is loaded
[DEBUG] 2017-01-25 14:00:37 layout Changed
[INFO ] 2017-01-25 14:01:15 shapes is loaded
[DEBUG] 2017-01-25 14:01:16 layout Changed
[INFO ] 2017-01-25 14:01:45 shapes is loaded
[DEBUG] 2017-01-25 14:01:45 layout Changed
[INFO ] 2017-01-25 14:02:06 shapes is loaded
[DEBUG] 2017-01-25 14:02:07 layout Changed
[INFO ] 2017-01-25 14:03:07 shapes is loaded
[DEBUG] 2017-01-25 14:03:07 layout Changed
[INFO ] 2017-01-25 14:04:15 shapes is loaded
[DEBUG] 2017-01-25 14:04:15 layout Changed
[INFO ] 2017-01-25 14:04:44 shapes is loaded
[DEBUG] 2017-01-25 14:04:45 layout Changed
[INFO ] 2017-01-25 14:05:00 shapes is loaded
[DEBUG] 2017-01-25 14:05:01 layout Changed
[INFO ] 2017-01-25 14:05:29 shapes is loaded
[DEBUG] 2017-01-25 14:05:29 layout Changed
[INFO ] 2017-01-25 14:05:41 shapes is loaded
[DEBUG] 2017-01-25 14:05:42 layout Changed
[INFO ] 2017-01-25 14:05:53 shapes is loaded
[DEBUG] 2017-01-25 14:05:54 layout Changed
[INFO ] 2017-01-25 14:06:17 shapes is loaded
[DEBUG] 2017-01-25 14:06:17 layout Changed
[INFO ] 2017-01-25 14:06:31 shapes is loaded
[DEBUG] 2017-01-25 14:06:32 layout Changed
[INFO ] 2017-01-25 14:08:35 shapes is loaded
[DEBUG] 2017-01-25 14:08:36 layout Changed
[DEBUG] 2017-01-25 14:08:45 Music button is set
[DEBUG] 2017-01-25 14:08:53 new shape is added to observers
[DEBUG] 2017-01-25 14:08:56 new shape is added to observers
[DEBUG] 2017-01-25 14:09:00 new shape is added to observers
[DEBUG] 2017-01-25 14:09:04 new shape is added to observers
[DEBUG] 2017-01-25 14:09:07 new shape is added to observers
[DEBUG] 2017-01-25 14:09:08 new shape is added to observers
[DEBUG] 2017-01-25 14:09:11 new shape is added to observers
[DEBUG] 2017-01-25 14:09:12 new shape is added to observers
[DEBUG] 2017-01-25 14:09:19 new shape is added to observers
[DEBUG] 2017-01-25 14:09:21 new shape is added to observers
[DEBUG] 2017-01-25 14:09:24 new shape is added to observers
[DEBUG] 2017-01-25 14:09:29 new shape is added to observers
[DEBUG] 2017-01-25 14:09:29 new shape is added to observers
[DEBUG] 2017-01-25 14:09:32 new shape is added to observers
[DEBUG] 2017-01-25 14:09:35 new shape is added to observers
[DEBUG] 2017-01-25 14:09:40 new shape is added to observers
[INFO ] 2017-01-25 14:12:09 shapes is loaded
[DEBUG] 2017-01-25 14:12:09 layout Changed
[DEBUG] 2017-01-25 14:12:12 Music button is set
[DEBUG] 2017-01-25 14:12:20 new shape is added to observers
[DEBUG] 2017-01-25 14:12:22 new shape is added to observers
[DEBUG] 2017-01-25 14:12:24 new shape is added to observers
[DEBUG] 2017-01-25 14:12:26 new shape is added to observers
[DEBUG] 2017-01-25 14:12:35 new shape is added to observers
[DEBUG] 2017-01-25 14:12:40 new shape is added to observers
[DEBUG] 2017-01-25 14:12:45 new shape is added to observers
[DEBUG] 2017-01-25 14:12:46 new shape is added to observers
[DEBUG] 2017-01-25 14:12:49 new shape is added to observers
[INFO ] 2017-01-25 14:13:44 shapes is loaded
[DEBUG] 2017-01-25 14:13:45 layout Changed
[DEBUG] 2017-01-25 14:13:47 Music button is set
[DEBUG] 2017-01-25 14:13:54 new shape is added to observers
[DEBUG] 2017-01-25 14:13:55 new shape is added to observers
[DEBUG] 2017-01-25 14:13:55 new shape is added to observers
[DEBUG] 2017-01-25 14:13:57 new shape is added to observers
[DEBUG] 2017-01-25 14:13:58 new shape is added to observers
[DEBUG] 2017-01-25 14:13:59 new shape is added to observers
[INFO ] 2017-01-25 14:31:12 shapes is loaded
[DEBUG] 2017-01-25 14:31:13 layout Changed
[DEBUG] 2017-01-25 14:31:16 Music button is set
[DEBUG] 2017-01-25 14:31:23 Music button is set
[DEBUG] 2017-01-25 14:31:26 Music button is set
[INFO ] 2017-01-25 14:37:24 shapes is loaded
[DEBUG] 2017-01-25 14:37:25 layout Changed
[DEBUG] 2017-01-25 14:37:27 Music button is set
[DEBUG] 2017-01-25 14:37:32 Music button is set
[DEBUG] 2017-01-25 14:37:36 layout Changed
[DEBUG] 2017-01-25 14:37:37 Music button is set
[DEBUG] 2017-01-25 14:37:42 new shape is added to observers
[DEBUG] 2017-01-25 14:37:43 new shape is added to observers
[DEBUG] 2017-01-25 14:37:47 Music button is set
[DEBUG] 2017-01-25 14:37:50 layout Changed
[DEBUG] 2017-01-25 14:37:52 Music button is set
[INFO ] 2017-01-25 15:14:47 shapes is loaded
[DEBUG] 2017-01-25 15:14:49 layout Changed
[DEBUG] 2017-01-25 15:14:54 Music button is set
[DEBUG] 2017-01-25 15:15:02 new shape is added to observers
[DEBUG] 2017-01-25 15:15:05 new shape is added to observers
[DEBUG] 2017-01-25 15:15:06 new shape is added to observers
[DEBUG] 2017-01-25 15:15:08 new shape is added to observers
[DEBUG] 2017-01-25 15:15:09 new shape is added to observers
[DEBUG] 2017-01-25 15:15:12 new shape is added to observers
[DEBUG] 2017-01-25 15:15:12 new shape is added to observers
[DEBUG] 2017-01-25 15:15:14 new shape is added to observers
[DEBUG] 2017-01-25 15:15:15 new shape is added to observers
[DEBUG] 2017-01-25 15:15:17 new shape is added to observers
[DEBUG] 2017-01-25 15:15:21 new shape is added to observers
[DEBUG] 2017-01-25 15:15:31 Music button is set
[DEBUG] 2017-01-25 15:15:32 Music button is set
[DEBUG] 2017-01-25 15:15:41 new shape is added to observers
[DEBUG] 2017-01-25 15:15:45 new shape is added to observers
[DEBUG] 2017-01-25 15:15:49 new shape is added to observers
[DEBUG] 2017-01-25 15:15:50 new shape is added to observers
[DEBUG] 2017-01-25 15:15:52 new shape is added to observers
[DEBUG] 2017-01-25 15:15:55 new shape is added to observers
[DEBUG] 2017-01-25 15:16:03 new shape is added to observers
[DEBUG] 2017-01-25 15:16:05 new shape is added to observers
[DEBUG] 2017-01-25 15:16:18 new shape is added to observers
[DEBUG] 2017-01-25 15:16:20 new shape is added to observers
[DEBUG] 2017-01-25 15:16:20 new shape is added to observers
[DEBUG] 2017-01-25 15:16:25 new shape is added to observers
[DEBUG] 2017-01-25 15:16:26 new shape is added to observers
[DEBUG] 2017-01-25 15:16:33 new shape is added to observers
[DEBUG] 2017-01-25 15:16:37 layout Changed
[INFO ] 2017-01-25 15:22:02 shapes is loaded
[DEBUG] 2017-01-25 15:22:03 layout Changed
[DEBUG] 2017-01-25 15:22:07 Music button is set
[DEBUG] 2017-01-25 15:22:15 new shape is added to observers
[DEBUG] 2017-01-25 15:27:30 layout Changed
[DEBUG] 2017-01-25 15:27:32 Music button is set
[DEBUG] 2017-01-25 15:27:41 new shape is added to observers
[DEBUG] 2017-01-25 15:27:50 new shape is added to observers
[DEBUG] 2017-01-25 15:27:50 new shape is added to observers
[DEBUG] 2017-01-25 15:27:51 new shape is added to observers
[DEBUG] 2017-01-25 15:27:53 new shape is added to observers
[INFO ] 2017-01-25 15:34:48 shapes is loaded
[DEBUG] 2017-01-25 15:34:48 layout Changed
[DEBUG] 2017-01-25 15:34:52 Music button is set
[DEBUG] 2017-01-25 15:35:04 new shape is added to observers
[DEBUG] 2017-01-25 15:35:05 new shape is added to observers
[DEBUG] 2017-01-25 15:35:08 new shape is added to observers
[DEBUG] 2017-01-25 15:35:09 new shape is added to observers
[DEBUG] 2017-01-25 15:35:13 layout Changed
[INFO ] 2017-01-25 15:35:26 shapes is loaded
[DEBUG] 2017-01-25 15:35:27 layout Changed
[DEBUG] 2017-01-25 15:35:30 Music button is set
[INFO ] 2017-01-25 15:35:47 shapes is loaded
[DEBUG] 2017-01-25 15:35:48 layout Changed
[DEBUG] 2017-01-25 15:35:50 Music button is set
[INFO ] 2017-01-25 15:36:15 shapes is loaded
[DEBUG] 2017-01-25 15:36:16 layout Changed
[DEBUG] 2017-01-25 15:36:18 Music button is set
[DEBUG] 2017-01-25 15:36:34 new shape is added to observers
[DEBUG] 2017-01-25 15:36:48 new shape is added to observers
[DEBUG] 2017-01-25 15:36:58 layout Changed
[INFO ] 2017-01-25 15:37:12 shapes is loaded
[DEBUG] 2017-01-25 15:37:13 layout Changed
[DEBUG] 2017-01-25 15:37:23 Music button is set
[DEBUG] 2017-01-25 15:37:33 new shape is added to observers
[DEBUG] 2017-01-25 15:37:33 new shape is added to observers
[DEBUG] 2017-01-25 15:37:35 new shape is added to observers
[DEBUG] 2017-01-25 15:37:47 new shape is added to observers
[INFO ] 2017-01-25 15:38:29 shapes is loaded
[DEBUG] 2017-01-25 15:38:30 layout Changed
[DEBUG] 2017-01-25 15:38:33 Music button is set
[DEBUG] 2017-01-25 15:38:42 new shape is added to observers
[DEBUG] 2017-01-25 15:38:50 new shape is added to observers
[DEBUG] 2017-01-25 15:38:54 new shape is added to observers
[DEBUG] 2017-01-25 15:38:55 new shape is added to observers
[DEBUG] 2017-01-25 15:38:56 new shape is added to observers
[DEBUG] 2017-01-25 15:39:08 new shape is added to observers
[DEBUG] 2017-01-25 15:39:09 new shape is added to observers
[DEBUG] 2017-01-25 15:39:10 new shape is added to observers
[DEBUG] 2017-01-25 15:39:27 new shape is added to observers
[DEBUG] 2017-01-25 15:39:27 new shape is added to observers
[DEBUG] 2017-01-25 15:39:28 new shape is added to observers
[DEBUG] 2017-01-25 15:39:29 new shape is added to observers
[DEBUG] 2017-01-25 15:39:31 new shape is added to observers
[DEBUG] 2017-01-25 15:39:31 new shape is added to observers
[INFO ] 2017-01-25 15:40:34 shapes is loaded
[DEBUG] 2017-01-25 15:40:35 layout Changed
[DEBUG] 2017-01-25 15:40:56 Music button is set
[DEBUG] 2017-01-25 15:41:07 new shape is added to observers
[DEBUG] 2017-01-25 15:41:10 new shape is added to observers
[DEBUG] 2017-01-25 15:41:12 new shape is added to observers
[INFO ] 2017-01-25 15:44:10 shapes is loaded
[DEBUG] 2017-01-25 15:44:10 layout Changed
[DEBUG] 2017-01-25 15:44:14 Music button is set
[DEBUG] 2017-01-25 15:44:22 new shape is added to observers
[DEBUG] 2017-01-25 15:44:28 new shape is added to observers
[DEBUG] 2017-01-25 15:44:33 new shape is added to observers
[DEBUG] 2017-01-25 15:44:35 new shape is added to observers
[DEBUG] 2017-01-25 15:44:36 new shape is added to observers
[DEBUG] 2017-01-25 15:44:41 new shape is added to observers
[DEBUG] 2017-01-25 15:44:46 new shape is added to observers
[DEBUG] 2017-01-25 15:44:52 new shape is added to observers
[DEBUG] 2017-01-25 15:44:52 new shape is added to observers
[DEBUG] 2017-01-25 15:44:58 new shape is added to observers
[DEBUG] 2017-01-25 15:45:00 new shape is added to observers
[DEBUG] 2017-01-25 15:45:01 new shape is added to observers
[DEBUG] 2017-01-25 15:45:02 new shape is added to observers
[DEBUG] 2017-01-25 15:45:03 new shape is added to observers
[DEBUG] 2017-01-25 15:45:06 new shape is added to observers
[DEBUG] 2017-01-25 15:45:17 new shape is added to observers
[DEBUG] 2017-01-25 15:45:32 new shape is added to observers
[DEBUG] 2017-01-25 15:45:38 layout Changed
[INFO ] 2017-01-25 15:46:29 shapes is loaded
[DEBUG] 2017-01-25 15:46:30 layout Changed
[DEBUG] 2017-01-25 15:46:33 Music button is set
[DEBUG] 2017-01-25 15:46:40 new shape is added to observers
[DEBUG] 2017-01-25 15:46:42 new shape is added to observers
[DEBUG] 2017-01-25 15:46:51 new shape is added to observers
[DEBUG] 2017-01-25 15:46:51 new shape is added to observers
[DEBUG] 2017-01-25 15:47:02 new shape is added to observers
[DEBUG] 2017-01-25 15:47:24 new shape is added to observers
[DEBUG] 2017-01-25 15:47:39 new shape is added to observers
[DEBUG] 2017-01-25 16:14:04 new shape is added to observers
[DEBUG] 2017-01-25 16:14:57 layout Changed
[INFO ] 2017-01-25 16:19:11 shapes is loaded
[DEBUG] 2017-01-25 16:19:12 layout Changed
[DEBUG] 2017-01-25 16:19:16 Music button is set
[DEBUG] 2017-01-25 16:19:24 new shape is added to observers
[DEBUG] 2017-01-25 16:19:29 new shape is added to observers
[DEBUG] 2017-01-25 16:19:42 new shape is added to observers
[DEBUG] 2017-01-25 16:19:59 new shape is added to observers
[DEBUG] 2017-01-25 16:20:11 new shape is added to observers
[DEBUG] 2017-01-25 16:20:25 new shape is added to observers
[DEBUG] 2017-01-25 16:20:26 new shape is added to observers
[DEBUG] 2017-01-25 16:20:40 new shape is added to observers
[INFO ] 2017-01-25 16:23:05 shapes is loaded
[DEBUG] 2017-01-25 16:23:06 layout Changed
[DEBUG] 2017-01-25 16:23:10 Music button is set
[INFO ] 2017-01-25 16:23:39 shapes is loaded
[DEBUG] 2017-01-25 16:23:40 layout Changed
[DEBUG] 2017-01-25 16:23:44 Music button is set
[DEBUG] 2017-01-25 16:23:55 new shape is added to observers
[DEBUG] 2017-01-25 16:23:55 new shape is added to observers
[DEBUG] 2017-01-25 16:24:03 new shape is added to observers
[DEBUG] 2017-01-25 16:24:07 new shape is added to observers
[DEBUG] 2017-01-25 16:24:09 new shape is added to observers
[INFO ] 2017-01-25 16:24:49 shapes is loaded
[DEBUG] 2017-01-25 16:24:50 layout Changed
[DEBUG] 2017-01-25 16:25:17 Music button is set
[DEBUG] 2017-01-25 16:25:25 new shape is added to observers
[DEBUG] 2017-01-25 16:25:30 new shape is added to observers
[DEBUG] 2017-01-25 16:25:33 new shape is added to observers
[DEBUG] 2017-01-25 16:25:47 new shape is added to observers
[DEBUG] 2017-01-25 16:25:50 new shape is added to observers
[DEBUG] 2017-01-25 16:26:02 new shape is added to observers
[INFO ] 2017-01-25 16:26:45 shapes is loaded
[DEBUG] 2017-01-25 16:26:46 layout Changed
[DEBUG] 2017-01-25 16:26:50 Music button is set
[DEBUG] 2017-01-25 16:26:56 new shape is added to observers
[DEBUG] 2017-01-25 16:27:12 new shape is added to observers
[INFO ] 2017-01-25 16:27:35 shapes is loaded
[DEBUG] 2017-01-25 16:27:36 layout Changed
[DEBUG] 2017-01-25 16:27:40 Music button is set
[DEBUG] 2017-01-25 16:27:47 new shape is added to observers
[DEBUG] 2017-01-25 16:28:18 new shape is added to observers
[DEBUG] 2017-01-25 16:28:27 new shape is added to observers
[DEBUG] 2017-01-25 16:28:36 new shape is added to observers
[INFO ] 2017-01-25 16:28:49 shapes is loaded
[DEBUG] 2017-01-25 16:28:50 layout Changed
[DEBUG] 2017-01-25 16:28:53 Music button is set
[DEBUG] 2017-01-25 16:29:00 new shape is added to observers
[DEBUG] 2017-01-25 16:29:04 new shape is added to observers
[DEBUG] 2017-01-25 16:29:06 new shape is added to observers
[DEBUG] 2017-01-25 16:29:15 new shape is added to observers
[DEBUG] 2017-01-25 16:29:15 new shape is added to observers
[DEBUG] 2017-01-25 16:29:21 new shape is added to observers
[DEBUG] 2017-01-25 16:29:28 new shape is added to observers
[INFO ] 2017-01-25 16:29:41 shapes is loaded
[DEBUG] 2017-01-25 16:29:42 layout Changed
[DEBUG] 2017-01-25 16:29:47 Music button is set
[DEBUG] 2017-01-25 16:29:59 new shape is added to observers
[DEBUG] 2017-01-25 16:30:04 new shape is added to observers
[DEBUG] 2017-01-25 16:30:04 new shape is added to observers
[DEBUG] 2017-01-25 16:30:15 new shape is added to observers
[DEBUG] 2017-01-25 16:30:17 new shape is added to observers
[DEBUG] 2017-01-25 16:30:22 new shape is added to observers
[INFO ] 2017-01-25 16:31:16 shapes is loaded
[DEBUG] 2017-01-25 16:31:17 layout Changed
[DEBUG] 2017-01-25 16:31:21 Music button is set
[DEBUG] 2017-01-25 16:31:29 new shape is added to observers
[DEBUG] 2017-01-25 16:31:35 new shape is added to observers
[DEBUG] 2017-01-25 16:31:37 new shape is added to observers
[INFO ] 2017-01-25 16:32:46 shapes is loaded
[DEBUG] 2017-01-25 16:32:47 layout Changed
[DEBUG] 2017-01-25 16:32:56 Music button is set
[DEBUG] 2017-01-25 16:33:04 new shape is added to observers
[DEBUG] 2017-01-25 16:33:11 new shape is added to observers
[DEBUG] 2017-01-25 16:33:21 new shape is added to observers
[DEBUG] 2017-01-25 16:33:23 new shape is added to observers
[DEBUG] 2017-01-25 16:33:25 new shape is added to observers
[DEBUG] 2017-01-25 16:33:27 new shape is added to observers
[DEBUG] 2017-01-25 16:33:30 new shape is added to observers
[DEBUG] 2017-01-25 16:33:35 new shape is added to observers
[DEBUG] 2017-01-25 16:33:52 new shape is added to observers
[INFO ] 2017-01-25 16:34:27 shapes is loaded
[DEBUG] 2017-01-25 16:34:27 layout Changed
[DEBUG] 2017-01-25 16:34:31 Music button is set
[DEBUG] 2017-01-25 16:34:39 new shape is added to observers
[DEBUG] 2017-01-25 16:34:44 new shape is added to observers
[DEBUG] 2017-01-25 16:34:45 new shape is added to observers
[DEBUG] 2017-01-25 16:34:54 new shape is added to observers
[DEBUG] 2017-01-25 16:34:58 new shape is added to observers
[DEBUG] 2017-01-25 16:35:10 new shape is added to observers
[DEBUG] 2017-01-25 16:35:55 new shape is added to observers
[INFO ] 2017-01-25 16:36:20 shapes is loaded
[DEBUG] 2017-01-25 16:36:21 layout Changed
[DEBUG] 2017-01-25 16:36:25 Music button is set
[DEBUG] 2017-01-25 16:36:37 new shape is added to observers
[DEBUG] 2017-01-25 16:36:38 new shape is added to observers
[DEBUG] 2017-01-25 16:36:45 new shape is added to observers
[DEBUG] 2017-01-25 16:36:47 new shape is added to observers
[DEBUG] 2017-01-25 16:36:52 new shape is added to observers
[DEBUG] 2017-01-25 16:36:53 new shape is added to observers
[INFO ] 2017-01-25 16:37:26 shapes is loaded
[DEBUG] 2017-01-25 16:37:27 layout Changed
[DEBUG] 2017-01-25 16:37:31 Music button is set
[DEBUG] 2017-01-25 16:37:43 new shape is added to observers
[DEBUG] 2017-01-25 16:37:44 new shape is added to observers
[DEBUG] 2017-01-25 16:37:46 new shape is added to observers
[DEBUG] 2017-01-25 16:37:47 new shape is added to observers
[DEBUG] 2017-01-25 16:37:47 new shape is added to observers
[DEBUG] 2017-01-25 16:37:50 new shape is added to observers
[DEBUG] 2017-01-25 16:37:53 new shape is added to observers
[INFO ] 2017-01-25 16:38:20 shapes is loaded
[DEBUG] 2017-01-25 16:38:21 layout Changed
[DEBUG] 2017-01-25 16:38:25 Music button is set
[DEBUG] 2017-01-25 16:38:33 new shape is added to observers
[DEBUG] 2017-01-25 16:38:37 new shape is added to observers
[DEBUG] 2017-01-25 16:38:39 new shape is added to observers
[DEBUG] 2017-01-25 16:38:45 new shape is added to observers
[DEBUG] 2017-01-25 16:38:45 new shape is added to observers
[DEBUG] 2017-01-25 16:38:46 new shape is added to observers
[DEBUG] 2017-01-25 16:38:49 new shape is added to observers
[DEBUG] 2017-01-25 16:38:53 new shape is added to observers
[DEBUG] 2017-01-25 16:38:53 new shape is added to observers
[DEBUG] 2017-01-25 16:38:54 new shape is added to observers
[DEBUG] 2017-01-25 16:38:59 new shape is added to observers
[DEBUG] 2017-01-25 16:39:15 new shape is added to observers
[INFO ] 2017-01-25 16:39:46 shapes is loaded
[DEBUG] 2017-01-25 16:39:46 layout Changed
[DEBUG] 2017-01-25 16:39:50 Music button is set
[DEBUG] 2017-01-25 16:39:59 new shape is added to observers
[DEBUG] 2017-01-25 16:40:01 new shape is added to observers
[DEBUG] 2017-01-25 16:40:01 new shape is added to observers
[DEBUG] 2017-01-25 16:40:05 new shape is added to observers
[DEBUG] 2017-01-25 16:40:22 new shape is added to observers
[DEBUG] 2017-01-25 16:40:22 new shape is added to observers
[DEBUG] 2017-01-25 16:40:34 new shape is added to observers
[DEBUG] 2017-01-25 16:40:37 new shape is added to observers
[DEBUG] 2017-01-25 16:40:44 new shape is added to observers
[INFO ] 2017-01-25 16:40:59 shapes is loaded
[DEBUG] 2017-01-25 16:41:00 layout Changed
[DEBUG] 2017-01-25 16:41:03 Music button is set
[DEBUG] 2017-01-25 16:41:18 new shape is added to observers
[DEBUG] 2017-01-25 16:41:20 new shape is added to observers
[DEBUG] 2017-01-25 16:41:20 new shape is added to observers
[DEBUG] 2017-01-25 16:41:25 new shape is added to observers
[DEBUG] 2017-01-25 16:41:27 new shape is added to observers
[DEBUG] 2017-01-25 16:41:27 new shape is added to observers
[DEBUG] 2017-01-25 16:41:37 new shape is added to observers
[DEBUG] 2017-01-25 16:41:43 layout Changed
[DEBUG] 2017-01-25 16:41:45 Music button is set
[DEBUG] 2017-01-25 16:41:56 new shape is added to observers
[DEBUG] 2017-01-25 16:41:59 new shape is added to observers
[DEBUG] 2017-01-25 16:42:00 new shape is added to observers
[INFO ] 2017-01-25 16:42:24 shapes is loaded
[DEBUG] 2017-01-25 16:42:25 layout Changed
[DEBUG] 2017-01-25 16:42:28 Music button is set
[DEBUG] 2017-01-25 16:42:50 new shape is added to observers
[DEBUG] 2017-01-25 16:42:57 new shape is added to observers
[DEBUG] 2017-01-25 16:42:58 new shape is added to observers
[INFO ] 2017-01-25 16:43:16 shapes is loaded
[DEBUG] 2017-01-25 16:43:17 layout Changed
[DEBUG] 2017-01-25 16:43:22 Music button is set
[DEBUG] 2017-01-25 16:43:32 new shape is added to observers
[DEBUG] 2017-01-25 16:43:42 new shape is added to observers
[INFO ] 2017-01-25 16:44:07 shapes is loaded
[DEBUG] 2017-01-25 16:44:08 layout Changed
[DEBUG] 2017-01-25 16:44:10 Music button is set
[DEBUG] 2017-01-25 16:44:14 layout Changed
[DEBUG] 2017-01-25 16:44:18 Music button is set
[DEBUG] 2017-01-25 16:44:26 new shape is added to observers
[DEBUG] 2017-01-25 16:44:31 new shape is added to observers
[DEBUG] 2017-01-25 16:44:31 new shape is added to observers
[DEBUG] 2017-01-25 16:44:33 new shape is added to observers
[DEBUG] 2017-01-25 16:44:35 new shape is added to observers
[DEBUG] 2017-01-25 16:44:46 new shape is added to observers
[DEBUG] 2017-01-25 16:44:51 new shape is added to observers
[DEBUG] 2017-01-25 16:44:56 new shape is added to observers
[DEBUG] 2017-01-25 16:45:05 new shape is added to observers
[DEBUG] 2017-01-25 16:45:15 layout Changed
[INFO ] 2017-01-25 17:57:08 shapes is loaded
[DEBUG] 2017-01-25 17:57:09 layout Changed
[DEBUG] 2017-01-25 17:57:12 Music button is set
[DEBUG] 2017-01-25 17:57:21 new shape is added to observers
[DEBUG] 2017-01-25 17:57:25 new shape is added to observers
[DEBUG] 2017-01-25 17:57:27 new shape is added to observers
[DEBUG] 2017-01-25 17:57:27 new shape is added to observers
[DEBUG] 2017-01-25 17:57:33 new shape is added to observers
[DEBUG] 2017-01-25 17:57:36 new shape is added to observers
[DEBUG] 2017-01-25 17:57:42 new shape is added to observers
[DEBUG] 2017-01-25 17:57:49 new shape is added to observers
[DEBUG] 2017-01-25 17:57:54 new shape is added to observers
[DEBUG] 2017-01-25 17:57:59 new shape is added to observers
[DEBUG] 2017-01-25 17:58:10 new shape is added to observers
[DEBUG] 2017-01-25 17:58:23 new shape is added to observers
[DEBUG] 2017-01-25 17:58:27 new shape is added to observers
[DEBUG] 2017-01-25 17:58:31 new shape is added to observers
[DEBUG] 2017-01-25 17:59:43 layout Changed
[INFO ] 2017-01-25 18:01:32 shapes is loaded
[DEBUG] 2017-01-25 18:01:33 layout Changed
[DEBUG] 2017-01-25 18:01:36 Music button is set
[DEBUG] 2017-01-25 18:01:43 new shape is added to observers
[DEBUG] 2017-01-25 18:01:45 new shape is added to observers
[DEBUG] 2017-01-25 18:01:53 new shape is added to observers
[DEBUG] 2017-01-25 18:01:56 new shape is added to observers
[DEBUG] 2017-01-25 18:02:16 new shape is added to observers
[DEBUG] 2017-01-25 18:02:17 new shape is added to observers
[DEBUG] 2017-01-25 18:02:19 new shape is added to observers
[DEBUG] 2017-01-25 18:02:21 new shape is added to observers
[DEBUG] 2017-01-25 18:02:26 new shape is added to observers
[DEBUG] 2017-01-25 18:02:55 layout Changed
[INFO ] 2017-01-25 18:05:29 shapes is loaded
[DEBUG] 2017-01-25 18:05:30 layout Changed
[DEBUG] 2017-01-25 18:05:34 Music button is set
[DEBUG] 2017-01-25 18:05:41 new shape is added to observers
[DEBUG] 2017-01-25 18:05:42 new shape is added to observers
[DEBUG] 2017-01-25 18:05:42 new shape is added to observers
[DEBUG] 2017-01-25 18:05:42 new shape is added to observers
[DEBUG] 2017-01-25 18:05:43 new shape is added to observers
[DEBUG] 2017-01-25 18:05:45 new shape is added to observers
[DEBUG] 2017-01-25 18:05:46 new shape is added to observers
[DEBUG] 2017-01-25 18:06:00 new shape is added to observers
[DEBUG] 2017-01-25 18:06:29 new shape is added to observers
[DEBUG] 2017-01-25 18:06:33 new shape is added to observers
[DEBUG] 2017-01-25 18:06:36 layout Changed
[DEBUG] 2017-01-25 18:06:39 Music button is set
[DEBUG] 2017-01-25 18:06:46 new shape is added to observers
[DEBUG] 2017-01-25 18:06:49 new shape is added to observers
[DEBUG] 2017-01-25 18:07:00 new shape is added to observers
[DEBUG] 2017-01-25 18:07:03 new shape is added to observers
[DEBUG] 2017-01-25 18:07:06 new shape is added to observers
[DEBUG] 2017-01-25 18:07:11 new shape is added to observers
[DEBUG] 2017-01-25 18:07:27 new shape is added to observers
[DEBUG] 2017-01-25 18:08:14 layout Changed
[INFO ] 2017-01-25 18:08:32 shapes is loaded
[DEBUG] 2017-01-25 18:08:33 layout Changed
[INFO ] 2017-01-25 18:09:04 shapes is loaded
[DEBUG] 2017-01-25 18:09:05 layout Changed
[DEBUG] 2017-01-25 18:09:08 Music button is set
[DEBUG] 2017-01-25 18:09:19 new shape is added to observers
[DEBUG] 2017-01-25 18:09:20 new shape is added to observers
[DEBUG] 2017-01-25 18:09:25 new shape is added to observers
[DEBUG] 2017-01-25 18:09:28 new shape is added to observers
[DEBUG] 2017-01-25 18:09:33 new shape is added to observers
[DEBUG] 2017-01-25 18:09:43 new shape is added to observers
[DEBUG] 2017-01-25 18:09:53 new shape is added to observers
[DEBUG] 2017-01-25 18:10:01 new shape is added to observers
[DEBUG] 2017-01-25 18:10:03 new shape is added to observers
[INFO ] 2017-01-25 18:11:17 shapes is loaded
[DEBUG] 2017-01-25 18:11:18 layout Changed
[DEBUG] 2017-01-25 18:11:32 Music button is set
[DEBUG] 2017-01-25 18:11:45 new shape is added to observers
[DEBUG] 2017-01-25 18:11:47 new shape is added to observers
[DEBUG] 2017-01-25 18:11:54 new shape is added to observers
[DEBUG] 2017-01-25 18:11:56 new shape is added to observers
[DEBUG] 2017-01-25 18:11:57 new shape is added to observers
[DEBUG] 2017-01-25 18:12:01 new shape is added to observers
[DEBUG] 2017-01-25 18:12:07 new shape is added to observers
[DEBUG] 2017-01-25 18:12:16 new shape is added to observers
[DEBUG] 2017-01-25 18:12:21 new shape is added to observers
[DEBUG] 2017-01-25 18:12:21 new shape is added to observers
[DEBUG] 2017-01-25 18:12:29 new shape is added to observers
[INFO ] 2017-01-25 18:13:51 shapes is loaded
[DEBUG] 2017-01-25 18:13:52 layout Changed
[DEBUG] 2017-01-25 18:13:56 Music button is set
[DEBUG] 2017-01-25 18:14:04 new shape is added to observers
[DEBUG] 2017-01-25 18:14:05 new shape is added to observers
[DEBUG] 2017-01-25 18:14:08 new shape is added to observers
[DEBUG] 2017-01-25 18:14:14 new shape is added to observers
[DEBUG] 2017-01-25 18:14:20 new shape is added to observers
[DEBUG] 2017-01-25 18:14:20 new shape is added to observers
[DEBUG] 2017-01-25 18:14:35 new shape is added to observers
[DEBUG] 2017-01-25 18:14:43 new shape is added to observers
[DEBUG] 2017-01-25 18:14:44 new shape is added to observers
[DEBUG] 2017-01-25 18:14:46 new shape is added to observers
[DEBUG] 2017-01-25 18:14:48 new shape is added to observers
[DEBUG] 2017-01-25 18:14:52 new shape is added to observers
[DEBUG] 2017-01-25 18:14:55 new shape is added to observers
[INFO ] 2017-01-25 18:31:07 shapes is loaded
[DEBUG] 2017-01-25 18:31:07 layout Changed
[DEBUG] 2017-01-25 18:31:12 Music button is set
[DEBUG] 2017-01-25 18:31:24 new shape is added to observers
[DEBUG] 2017-01-25 18:31:30 new shape is added to observers
[DEBUG] 2017-01-25 18:31:32 new shape is added to observers
[DEBUG] 2017-01-25 18:31:36 new shape is added to observers
[DEBUG] 2017-01-25 18:31:44 layout Changed
[DEBUG] 2017-01-25 18:31:47 Music button is set
[DEBUG] 2017-01-25 18:31:54 new shape is added to observers
[DEBUG] 2017-01-25 18:31:56 new shape is added to observers
[DEBUG] 2017-01-25 18:31:57 new shape is added to observers
[DEBUG] 2017-01-25 18:31:57 new shape is added to observers
[DEBUG] 2017-01-25 18:31:59 new shape is added to observers
[DEBUG] 2017-01-25 18:32:02 new shape is added to observers
[DEBUG] 2017-01-25 18:32:02 new shape is added to observers
[DEBUG] 2017-01-25 18:32:05 layout Changed
[INFO ] 2017-01-25 18:48:40 shapes is loaded
[DEBUG] 2017-01-25 18:48:41 layout Changed
[INFO ] 2017-01-25 18:48:57 shapes is loaded
[DEBUG] 2017-01-25 18:48:57 layout Changed
[DEBUG] 2017-01-25 18:49:02 Music button is set
[DEBUG] 2017-01-25 18:49:10 new shape is added to observers
[DEBUG] 2017-01-25 18:49:12 new shape is added to observers
[DEBUG] 2017-01-25 18:49:15 new shape is added to observers
[DEBUG] 2017-01-25 18:49:17 new shape is added to observers
[DEBUG] 2017-01-25 18:49:21 new shape is added to observers
[DEBUG] 2017-01-25 18:49:21 new shape is added to observers
[DEBUG] 2017-01-25 18:49:27 new shape is added to observers
[INFO ] 2017-01-25 18:59:52 shapes is loaded
[DEBUG] 2017-01-25 18:59:53 layout Changed
[DEBUG] 2017-01-25 18:59:57 Music button is set
[DEBUG] 2017-01-25 19:00:00 new shape is added to observers
[DEBUG] 2017-01-25 19:00:02 new shape is added to observers
[DEBUG] 2017-01-25 19:00:03 new shape is added to observers
[DEBUG] 2017-01-25 19:00:03 new shape is added to observers
[INFO ] 2017-01-25 19:01:33 shapes is loaded
[DEBUG] 2017-01-25 19:01:34 layout Changed
[DEBUG] 2017-01-25 19:01:43 Music button is set
[DEBUG] 2017-01-25 19:01:47 new shape is added to observers
[INFO ] 2017-01-25 19:03:06 shapes is loaded
[DEBUG] 2017-01-25 19:03:07 layout Changed
[DEBUG] 2017-01-25 19:03:11 Music button is set
[DEBUG] 2017-01-25 19:03:20 new shape is added to observers
[DEBUG] 2017-01-25 19:03:20 new shape is added to observers
[DEBUG] 2017-01-25 19:03:20 new shape is added to observers
[DEBUG] 2017-01-25 19:03:22 new shape is added to observers
[DEBUG] 2017-01-25 19:03:30 new shape is added to observers
[DEBUG] 2017-01-25 19:03:32 new shape is added to observers
[DEBUG] 2017-01-25 19:03:40 new shape is added to observers
[DEBUG] 2017-01-25 19:03:44 new shape is added to observers
[DEBUG] 2017-01-25 19:03:45 new shape is added to observers
[DEBUG] 2017-01-25 19:03:55 new shape is added to observers
[DEBUG] 2017-01-25 19:04:20 layout Changed
[DEBUG] 2017-01-25 19:04:21 Music button is set
[DEBUG] 2017-01-25 19:04:29 new shape is added to observers
[DEBUG] 2017-01-25 19:04:34 new shape is added to observers
[DEBUG] 2017-01-25 19:04:34 new shape is added to observers
[DEBUG] 2017-01-25 19:04:40 new shape is added to observers
[DEBUG] 2017-01-25 19:04:42 new shape is added to observers
[DEBUG] 2017-01-25 19:04:45 new shape is added to observers
[DEBUG] 2017-01-25 19:04:47 layout Changed
[INFO ] 2017-01-25 19:28:49 shapes is loaded
[DEBUG] 2017-01-25 19:28:52 layout Changed
[DEBUG] 2017-01-25 19:28:57 Music button is set
[DEBUG] 2017-01-25 19:29:06 new shape is added to observers
[DEBUG] 2017-01-25 19:29:09 new shape is added to observers
[DEBUG] 2017-01-25 19:29:10 new shape is added to observers
[DEBUG] 2017-01-25 19:29:12 new shape is added to observers
[DEBUG] 2017-01-25 19:29:13 new shape is added to observers
[DEBUG] 2017-01-25 19:29:16 new shape is added to observers
[DEBUG] 2017-01-25 19:29:18 new shape is added to observers
[DEBUG] 2017-01-25 19:29:18 new shape is added to observers
[DEBUG] 2017-01-25 19:29:22 new shape is added to observers
[DEBUG] 2017-01-25 19:29:23 new shape is added to observers
[DEBUG] 2017-01-25 19:29:24 new shape is added to observers
[DEBUG] 2017-01-25 19:29:27 new shape is added to observers
[DEBUG] 2017-01-25 19:29:28 new shape is added to observers
[INFO ] 2017-01-25 19:32:18 shapes is loaded
[DEBUG] 2017-01-25 19:32:19 layout Changed
[DEBUG] 2017-01-25 19:32:23 Music button is set
[DEBUG] 2017-01-25 19:34:14 layout Changed
[INFO ] 2017-01-25 19:35:16 shapes is loaded
[DEBUG] 2017-01-25 19:35:17 layout Changed
[DEBUG] 2017-01-25 19:35:20 Music button is set
[INFO ] 2017-01-25 19:36:12 shapes is loaded
[DEBUG] 2017-01-25 19:36:13 layout Changed
[DEBUG] 2017-01-25 19:36:17 Music button is set
[DEBUG] 2017-01-25 19:36:28 new shape is added to observers
[DEBUG] 2017-01-25 19:36:29 new shape is added to observers
[DEBUG] 2017-01-25 19:36:30 new shape is added to observers
[DEBUG] 2017-01-25 19:36:31 new shape is added to observers
[DEBUG] 2017-01-25 19:36:33 new shape is added to observers
[DEBUG] 2017-01-25 19:36:35 new shape is added to observers
[DEBUG] 2017-01-25 19:36:39 new shape is added to observers
[DEBUG] 2017-01-25 19:36:42 layout Changed
[DEBUG] 2017-01-25 19:36:44 Music button is set
[DEBUG] 2017-01-25 19:36:51 new shape is added to observers
[DEBUG] 2017-01-25 19:36:52 new shape is added to observers
[DEBUG] 2017-01-25 19:36:55 new shape is added to observers
[DEBUG] 2017-01-25 19:36:58 layout Changed
[DEBUG] 2017-01-25 19:36:59 Music button is set
[DEBUG] 2017-01-25 19:37:09 new shape is added to observers
[DEBUG] 2017-01-25 19:37:11 new shape is added to observers
[DEBUG] 2017-01-25 19:37:14 new shape is added to observers
[DEBUG] 2017-01-25 19:37:14 new shape is added to observers
[DEBUG] 2017-01-25 19:37:17 new shape is added to observers
[DEBUG] 2017-01-25 19:37:18 new shape is added to observers
[DEBUG] 2017-01-25 19:37:20 layout Changed
[INFO ] 2017-01-25 19:37:55 shapes is loaded
[DEBUG] 2017-01-25 19:37:56 layout Changed
[DEBUG] 2017-01-25 19:38:01 Music button is set
[DEBUG] 2017-01-25 19:38:08 new shape is added to observers
[DEBUG] 2017-01-25 19:38:15 new shape is added to observers
[DEBUG] 2017-01-25 19:38:19 new shape is added to observers
[DEBUG] 2017-01-25 19:38:23 new shape is added to observers
[DEBUG] 2017-01-25 19:38:27 new shape is added to observers
[DEBUG] 2017-01-25 19:38:29 new shape is added to observers
[DEBUG] 2017-01-25 19:38:34 new shape is added to observers
[DEBUG] 2017-01-25 19:39:07 new shape is added to observers
[DEBUG] 2017-01-25 19:39:11 new shape is added to observers
[DEBUG] 2017-01-25 19:39:13 new shape is added to observers
[DEBUG] 2017-01-25 19:39:21 layout Changed
[INFO ] 2017-01-25 19:39:38 shapes is loaded
[DEBUG] 2017-01-25 19:39:38 layout Changed
[DEBUG] 2017-01-25 19:39:42 Music button is set
[INFO ] 2017-01-25 19:40:00 shapes is loaded
[DEBUG] 2017-01-25 19:40:01 layout Changed
[DEBUG] 2017-01-25 19:40:13 Music button is set
[INFO ] 2017-01-25 19:40:36 shapes is loaded
[DEBUG] 2017-01-25 19:40:37 layout Changed
[DEBUG] 2017-01-25 19:40:42 Music button is set
[DEBUG] 2017-01-25 19:40:49 new shape is added to observers
[DEBUG] 2017-01-25 19:41:02 new shape is added to observers
[DEBUG] 2017-01-25 19:41:07 new shape is added to observers
[DEBUG] 2017-01-25 19:41:12 new shape is added to observers
[DEBUG] 2017-01-25 19:41:13 new shape is added to observers
[DEBUG] 2017-01-25 19:41:21 new shape is added to observers
[DEBUG] 2017-01-25 19:41:25 new shape is added to observers
[DEBUG] 2017-01-25 19:41:30 new shape is added to observers
[DEBUG] 2017-01-25 19:41:35 new shape is added to observers
[DEBUG] 2017-01-25 19:41:36 new shape is added to observers
[DEBUG] 2017-01-25 19:41:36 new shape is added to observers
[DEBUG] 2017-01-25 19:41:40 new shape is added to observers
[DEBUG] 2017-01-25 19:41:43 layout Changed
[INFO ] 2017-01-25 19:43:05 shapes is loaded
[DEBUG] 2017-01-25 19:43:06 layout Changed
[DEBUG] 2017-01-25 19:43:10 Music button is set
[DEBUG] 2017-01-25 19:43:25 new shape is added to observers
[DEBUG] 2017-01-25 19:43:28 new shape is added to observers
[DEBUG] 2017-01-25 19:43:28 new shape is added to observers
[DEBUG] 2017-01-25 19:43:31 new shape is added to observers
[DEBUG] 2017-01-25 19:43:35 new shape is added to observers
[DEBUG] 2017-01-25 19:43:37 new shape is added to observers
[DEBUG] 2017-01-25 19:43:41 new shape is added to observers
[DEBUG] 2017-01-25 19:43:43 new shape is added to observers
[DEBUG] 2017-01-25 19:43:45 layout Changed
[INFO ] 2017-01-25 19:46:04 shapes is loaded
[DEBUG] 2017-01-25 19:46:05 layout Changed
[DEBUG] 2017-01-25 19:46:10 Music button is set
[DEBUG] 2017-01-25 19:46:17 new shape is added to observers
[DEBUG] 2017-01-25 19:46:20 new shape is added to observers
[DEBUG] 2017-01-25 19:46:21 new shape is added to observers
[DEBUG] 2017-01-25 19:46:26 new shape is added to observers
[DEBUG] 2017-01-25 19:46:27 new shape is added to observers
[DEBUG] 2017-01-25 19:46:28 new shape is added to observers
[DEBUG] 2017-01-25 19:46:29 new shape is added to observers
[DEBUG] 2017-01-25 19:46:32 new shape is added to observers
[DEBUG] 2017-01-25 19:46:34 new shape is added to observers
[DEBUG] 2017-01-25 19:46:35 new shape is added to observers
[DEBUG] 2017-01-25 19:46:35 new shape is added to observers
[DEBUG] 2017-01-25 19:46:36 new shape is added to observers
[DEBUG] 2017-01-25 19:46:41 new shape is added to observers
[DEBUG] 2017-01-25 19:46:41 new shape is added to observers
[DEBUG] 2017-01-25 19:46:42 new shape is added to observers
[DEBUG] 2017-01-25 19:46:42 new shape is added to observers
[DEBUG] 2017-01-25 19:46:43 new shape is added to observers
[DEBUG] 2017-01-25 19:46:44 new shape is added to observers
[DEBUG] 2017-01-25 19:46:44 new shape is added to observers
[DEBUG] 2017-01-25 19:47:35 Music button is set
[INFO ] 2017-01-25 19:47:59 shapes is loaded
[DEBUG] 2017-01-25 19:48:00 layout Changed
[DEBUG] 2017-01-25 19:48:04 Music button is set
[DEBUG] 2017-01-25 19:48:11 new shape is added to observers
[DEBUG] 2017-01-25 19:48:12 new shape is added to observers
[DEBUG] 2017-01-25 19:48:13 new shape is added to observers
[DEBUG] 2017-01-25 19:48:13 new shape is added to observers
[DEBUG] 2017-01-25 19:48:13 new shape is added to observers
[DEBUG] 2017-01-25 19:48:15 new shape is added to observers
[DEBUG] 2017-01-25 19:48:21 new shape is added to observers
[DEBUG] 2017-01-25 19:48:25 new shape is added to observers
[DEBUG] 2017-01-25 19:48:26 new shape is added to observers
[DEBUG] 2017-01-25 19:48:28 new shape is added to observers
[DEBUG] 2017-01-25 19:48:28 new shape is added to observers
[DEBUG] 2017-01-25 19:48:29 new shape is added to observers
[DEBUG] 2017-01-25 19:48:30 new shape is added to observers
[DEBUG] 2017-01-25 19:48:30 new shape is added to observers
[DEBUG] 2017-01-25 19:48:31 new shape is added to observers
[DEBUG] 2017-01-25 19:48:31 new shape is added to observers
[DEBUG] 2017-01-25 19:48:32 new shape is added to observers
[DEBUG] 2017-01-25 19:48:33 new shape is added to observers
[DEBUG] 2017-01-25 19:48:34 new shape is added to observers
[DEBUG] 2017-01-25 19:48:36 new shape is added to observers
[DEBUG] 2017-01-25 19:48:38 new shape is added to observers
[DEBUG] 2017-01-25 19:48:39 new shape is added to observers
[DEBUG] 2017-01-25 19:48:46 new shape is added to observers
[DEBUG] 2017-01-25 19:48:50 new shape is added to observers
[DEBUG] 2017-01-25 19:48:51 new shape is added to observers
[DEBUG] 2017-01-25 19:48:56 new shape is added to observers
[DEBUG] 2017-01-25 19:48:56 new shape is added to observers
[DEBUG] 2017-01-25 19:49:00 new shape is added to observers
[DEBUG] 2017-01-25 19:49:01 new shape is added to observers
[DEBUG] 2017-01-25 19:49:01 new shape is added to observers
[INFO ] 2017-01-25 19:49:42 shapes is loaded
[DEBUG] 2017-01-25 19:49:43 layout Changed
[DEBUG] 2017-01-25 19:49:46 Music button is set
[INFO ] 2017-01-25 19:50:28 shapes is loaded
[DEBUG] 2017-01-25 19:50:29 layout Changed
[DEBUG] 2017-01-25 19:50:32 Music button is set
[DEBUG] 2017-01-25 19:50:39 new shape is added to observers
[DEBUG] 2017-01-25 19:50:40 new shape is added to observers
[DEBUG] 2017-01-25 19:50:51 new shape is added to observers
[DEBUG] 2017-01-25 19:50:54 new shape is added to observers
[DEBUG] 2017-01-25 19:50:58 new shape is added to observers
[INFO ] 2017-01-25 19:51:44 shapes is loaded
[DEBUG] 2017-01-25 19:51:44 layout Changed
[DEBUG] 2017-01-25 19:51:47 Music button is set
[DEBUG] 2017-01-25 19:52:02 new shape is added to observers
[DEBUG] 2017-01-25 19:52:03 new shape is added to observers
[DEBUG] 2017-01-25 19:52:05 new shape is added to observers
[DEBUG] 2017-01-25 19:52:05 new shape is added to observers
[DEBUG] 2017-01-25 19:52:07 new shape is added to observers
[DEBUG] 2017-01-25 19:52:08 new shape is added to observers
[INFO ] 2017-01-25 19:53:38 shapes is loaded
[DEBUG] 2017-01-25 19:53:40 layout Changed
[DEBUG] 2017-01-25 19:53:56 Music button is set
[DEBUG] 2017-01-25 19:54:06 new shape is added to observers
[INFO ] 2017-01-25 19:55:15 shapes is loaded
[DEBUG] 2017-01-25 19:55:16 layout Changed
[DEBUG] 2017-01-25 19:55:23 Music button is set
[DEBUG] 2017-01-25 19:55:31 new shape is added to observers
[DEBUG] 2017-01-25 19:55:37 new shape is added to observers
[DEBUG] 2017-01-25 19:55:38 new shape is added to observers
[DEBUG] 2017-01-25 19:55:46 new shape is added to observers
[DEBUG] 2017-01-25 19:55:53 new shape is added to observers
[DEBUG] 2017-01-25 19:55:55 new shape is added to observers
[DEBUG] 2017-01-25 19:55:58 new shape is added to observers
[DEBUG] 2017-01-25 19:55:59 new shape is added to observers
[INFO ] 2017-01-25 19:56:11 shapes is loaded
[DEBUG] 2017-01-25 19:56:12 layout Changed
[DEBUG] 2017-01-25 19:56:15 Music button is set
[DEBUG] 2017-01-25 19:56:22 new shape is added to observers
[DEBUG] 2017-01-25 19:56:24 new shape is added to observers
[DEBUG] 2017-01-25 19:56:27 new shape is added to observers
[DEBUG] 2017-01-25 19:56:34 new shape is added to observers
[DEBUG] 2017-01-25 19:56:35 new shape is added to observers
[DEBUG] 2017-01-25 19:56:39 new shape is added to observers
[DEBUG] 2017-01-25 19:56:47 new shape is added to observers
[DEBUG] 2017-01-25 19:56:48 new shape is added to observers
[DEBUG] 2017-01-25 19:56:51 new shape is added to observers
[DEBUG] 2017-01-25 19:56:54 new shape is added to observers
[DEBUG] 2017-01-25 19:56:55 new shape is added to observers
[DEBUG] 2017-01-25 19:56:57 new shape is added to observers
[DEBUG] 2017-01-25 19:57:03 new shape is added to observers
[DEBUG] 2017-01-25 19:57:05 new shape is added to observers
[DEBUG] 2017-01-25 19:57:07 layout Changed
[INFO ] 2017-01-25 19:57:52 shapes is loaded
[DEBUG] 2017-01-25 19:57:53 layout Changed
[DEBUG] 2017-01-25 19:57:56 Music button is set
[INFO ] 2017-01-25 19:59:26 shapes is loaded
[DEBUG] 2017-01-25 19:59:27 layout Changed
[DEBUG] 2017-01-25 19:59:32 Music button is set
[DEBUG] 2017-01-25 19:59:42 new shape is added to observers
[DEBUG] 2017-01-25 19:59:43 new shape is added to observers
[DEBUG] 2017-01-25 19:59:50 new shape is added to observers
[DEBUG] 2017-01-25 19:59:58 new shape is added to observers
[DEBUG] 2017-01-25 19:59:59 new shape is added to observers
[DEBUG] 2017-01-25 20:00:00 new shape is added to observers
[DEBUG] 2017-01-25 20:00:01 new shape is added to observers
[DEBUG] 2017-01-25 20:00:02 new shape is added to observers
[DEBUG] 2017-01-25 20:00:11 new shape is added to observers
[DEBUG] 2017-01-25 20:00:13 new shape is added to observers
[DEBUG] 2017-01-25 20:00:18 new shape is added to observers
[DEBUG] 2017-01-25 20:00:22 new shape is added to observers
[INFO ] 2017-01-25 20:05:31 shapes is loaded
[DEBUG] 2017-01-25 20:05:33 layout Changed
[DEBUG] 2017-01-25 20:05:39 Music button is set
[INFO ] 2017-01-25 20:06:36 shapes is loaded
[DEBUG] 2017-01-25 20:06:36 layout Changed
[DEBUG] 2017-01-25 20:06:40 Music button is set
[INFO ] 2017-01-25 20:08:11 shapes is loaded
[DEBUG] 2017-01-25 20:08:13 layout Changed
[DEBUG] 2017-01-25 20:08:17 Music button is set
[INFO ] 2017-01-25 20:28:44 shapes is loaded
[DEBUG] 2017-01-25 20:28:45 layout Changed
[DEBUG] 2017-01-25 20:28:49 Music button is set
[DEBUG] 2017-01-25 20:28:55 new shape is added to observers
[DEBUG] 2017-01-25 20:28:55 new shape is added to observers
[DEBUG] 2017-01-25 20:28:56 new shape is added to observers
[DEBUG] 2017-01-25 20:28:58 new shape is added to observers
[DEBUG] 2017-01-25 20:28:58 new shape is added to observers
[DEBUG] 2017-01-25 20:28:59 new shape is added to observers
[DEBUG] 2017-01-25 20:29:00 new shape is added to observers
[DEBUG] 2017-01-25 20:29:00 new shape is added to observers
[DEBUG] 2017-01-25 20:29:02 new shape is added to observers
[DEBUG] 2017-01-25 20:29:02 new shape is added to observers
[DEBUG] 2017-01-25 20:29:02 new shape is added to observers
[DEBUG] 2017-01-25 20:29:03 new shape is added to observers
[DEBUG] 2017-01-25 20:29:04 new shape is added to observers
[DEBUG] 2017-01-25 20:29:06 new shape is added to observers
[DEBUG] 2017-01-25 20:29:08 new shape is added to observers
[DEBUG] 2017-01-25 20:29:09 new shape is added to observers
[DEBUG] 2017-01-25 20:29:09 new shape is added to observers
[DEBUG] 2017-01-25 20:29:09 new shape is added to observers
[DEBUG] 2017-01-25 20:29:13 new shape is added to observers
[DEBUG] 2017-01-25 20:29:20 new shape is added to observers
[DEBUG] 2017-01-25 20:29:23 new shape is added to observers
[DEBUG] 2017-01-25 20:29:26 new shape is added to observers
[DEBUG] 2017-01-25 20:29:29 layout Changed
[INFO ] 2017-01-25 20:29:51 shapes is loaded
[DEBUG] 2017-01-25 20:29:51 layout Changed
[DEBUG] 2017-01-25 20:29:55 Music button is set
[DEBUG] 2017-01-25 20:31:08 layout Changed
[INFO ] 2017-01-25 20:32:32 shapes is loaded
[DEBUG] 2017-01-25 20:32:33 layout Changed
[DEBUG] 2017-01-25 20:32:39 Music button is set
[DEBUG] 2017-01-25 20:33:05 layout Changed
[INFO ] 2017-01-25 20:37:23 shapes is loaded
[DEBUG] 2017-01-25 20:37:24 layout Changed
[DEBUG] 2017-01-25 20:37:27 Music button is set
[INFO ] 2017-01-25 20:37:49 shapes is loaded
[DEBUG] 2017-01-25 20:37:50 layout Changed
[DEBUG] 2017-01-25 20:37:53 Music button is set
[INFO ] 2017-01-25 20:39:54 shapes is loaded
[DEBUG] 2017-01-25 20:39:54 layout Changed
[DEBUG] 2017-01-25 20:39:58 Music button is set
[INFO ] 2017-01-25 20:41:50 shapes is loaded
[DEBUG] 2017-01-25 20:41:50 layout Changed
[DEBUG] 2017-01-25 20:41:55 Music button is set
[DEBUG] 2017-01-25 20:42:04 new shape is added to observers
[DEBUG] 2017-01-25 20:42:06 new shape is added to observers
[DEBUG] 2017-01-25 20:42:08 new shape is added to observers
[DEBUG] 2017-01-25 20:42:09 new shape is added to observers
[DEBUG] 2017-01-25 20:42:11 new shape is added to observers
[DEBUG] 2017-01-25 20:42:17 new shape is added to observers
[DEBUG] 2017-01-25 20:42:28 new shape is added to observers
[DEBUG] 2017-01-25 20:42:30 layout Changed
[INFO ] 2017-01-25 20:43:35 shapes is loaded
[DEBUG] 2017-01-25 20:43:36 layout Changed
[DEBUG] 2017-01-25 20:43:39 Music button is set
[DEBUG] 2017-01-25 20:43:47 new shape is added to observers
[DEBUG] 2017-01-25 20:43:48 new shape is added to observers
[DEBUG] 2017-01-25 20:43:50 new shape is added to observers
[DEBUG] 2017-01-25 20:43:52 new shape is added to observers
[DEBUG] 2017-01-25 20:43:56 new shape is added to observers
[DEBUG] 2017-01-25 20:43:59 new shape is added to observers
[DEBUG] 2017-01-25 20:44:01 layout Changed
